<?xml version="1.0" encoding="UTF-8"?>
<coverage generated="1616436685775" clover="3.2.0">
  <project timestamp="1616436685775" name="All files">
    <metrics statements="27" coveredstatements="25" conditionals="4" coveredconditionals="3" methods="6" coveredmethods="5" elements="37" coveredelements="33" complexity="0" loc="27" ncloc="27" packages="2" files="3" classes="3"/>
    <package name="meadowlark">
      <metrics statements="17" coveredstatements="15" conditionals="4" coveredconditionals="3" methods="1" coveredmethods="0"/>
      <file name="meadowlark.js" path="F:\_Projects\abemauve GitHub\OReillyWebDevNodeExpress\OReillyWebDevNodeExpress\meadowlark\meadowlark.js">
        <metrics statements="17" coveredstatements="15" conditionals="4" coveredconditionals="3" methods="1" coveredmethods="0"/>
        <line num="1" count="1" type="stmt"/>
        <line num="2" count="1" type="stmt"/>
        <line num="4" count="1" type="stmt"/>
        <line num="5" count="1" type="stmt"/>
        <line num="7" count="1" type="stmt"/>
        <line num="10" count="1" type="stmt"/>
        <line num="13" count="1" type="stmt"/>
        <line num="15" count="1" type="cond" truecount="2" falsecount="0"/>
        <line num="17" count="1" type="stmt"/>
        <line num="20" count="1" type="stmt"/>
        <line num="23" count="1" type="stmt"/>
        <line num="26" count="1" type="stmt"/>
        <line num="29" count="1" type="stmt"/>
        <line num="31" count="1" type="cond" truecount="1" falsecount="1"/>
        <line num="32" count="0" type="stmt"/>
        <line num="33" count="0" type="stmt"/>
        <line num="37" count="1" type="stmt"/>
      </file>
    </package>
    <package name="meadowlark.lib">
      <metrics statements="10" coveredstatements="10" conditionals="0" coveredconditionals="0" methods="5" coveredmethods="5"/>
      <file name="fortune.js" path="F:\_Projects\abemauve GitHub\OReillyWebDevNodeExpress\OReillyWebDevNodeExpress\meadowlark\lib\fortune.js">
        <metrics statements="4" coveredstatements="4" conditionals="0" coveredconditionals="0" methods="1" coveredmethods="1"/>
        <line num="1" count="2" type="stmt"/>
        <line num="9" count="2" type="stmt"/>
        <line num="10" count="2" type="stmt"/>
        <line num="11" count="2" type="stmt"/>
      </file>
      <file name="handlers.js" path="F:\_Projects\abemauve GitHub\OReillyWebDevNodeExpress\OReillyWebDevNodeExpress\meadowlark\lib\handlers.js">
        <metrics statements="6" coveredstatements="6" conditionals="0" coveredconditionals="0" methods="4" coveredmethods="4"/>
        <line num="1" count="2" type="stmt"/>
        <line num="3" count="2" type="stmt"/>
        <line num="5" count="2" type="stmt"/>
        <line num="6" count="2" type="stmt"/>
        <line num="8" count="2" type="stmt"/>
        <line num="10" count="2" type="stmt"/>
      </file>
    </package>
  </project>
</coverage>
